{
  "timestamp": 1763642998.0959125,
  "validations": {
    "directory_structure": {
      "status": "invalid"
    },
    "phase_1": {
      "phase": 1,
      "components": [
        "atomspace-storage",
        "atomspace-rocks",
        "atomspace-restful",
        "moses"
      ],
      "validations": {
        "atomspace-storage": {
          "dependencies": {
            "component": "atomspace-storage",
            "dependencies": [
              "atomspace"
            ],
            "satisfied": [
              {
                "dependency": "atomspace",
                "path": "/home/runner/work/opencog-unified/opencog-unified/atomspace"
              }
            ],
            "missing": [],
            "status": "satisfied"
          },
          "cmake": {
            "component": "atomspace-storage",
            "cmake_file_exists": true,
            "integrated_in_main": true,
            "status": "integrated"
          }
        },
        "atomspace-rocks": {
          "dependencies": {
            "component": "atomspace-rocks",
            "dependencies": [
              "atomspace"
            ],
            "satisfied": [
              {
                "dependency": "atomspace",
                "path": "/home/runner/work/opencog-unified/opencog-unified/atomspace"
              }
            ],
            "missing": [],
            "status": "satisfied"
          },
          "cmake": {
            "component": "atomspace-rocks",
            "cmake_file_exists": true,
            "integrated_in_main": true,
            "status": "integrated"
          }
        },
        "atomspace-restful": {
          "dependencies": {
            "component": "atomspace-restful",
            "dependencies": [
              "atomspace"
            ],
            "satisfied": [
              {
                "dependency": "atomspace",
                "path": "/home/runner/work/opencog-unified/opencog-unified/atomspace"
              }
            ],
            "missing": [],
            "status": "satisfied"
          },
          "cmake": {
            "component": "atomspace-restful",
            "cmake_file_exists": true,
            "integrated_in_main": false,
            "status": "not_integrated"
          }
        },
        "moses": {
          "dependencies": {
            "component": "moses",
            "dependencies": [
              "cogutil"
            ],
            "satisfied": [
              {
                "dependency": "cogutil",
                "path": "/home/runner/work/opencog-unified/opencog-unified/cogutil"
              }
            ],
            "missing": [],
            "status": "satisfied"
          },
          "cmake": {
            "component": "moses",
            "cmake_file_exists": true,
            "integrated_in_main": true,
            "status": "integrated"
          }
        }
      },
      "status": "invalid"
    },
    "phase_2": {
      "phase": 2,
      "components": [
        "unify",
        "ure",
        "language-learning"
      ],
      "validations": {
        "unify": {
          "dependencies": {
            "component": "unify",
            "dependencies": [
              "atomspace"
            ],
            "satisfied": [
              {
                "dependency": "atomspace",
                "path": "/home/runner/work/opencog-unified/opencog-unified/atomspace"
              }
            ],
            "missing": [],
            "status": "satisfied"
          },
          "cmake": {
            "component": "unify",
            "cmake_file_exists": true,
            "integrated_in_main": true,
            "status": "integrated"
          }
        },
        "ure": {
          "dependencies": {
            "component": "ure",
            "dependencies": [
              "atomspace",
              "unify"
            ],
            "satisfied": [
              {
                "dependency": "atomspace",
                "path": "/home/runner/work/opencog-unified/opencog-unified/atomspace"
              },
              {
                "dependency": "unify",
                "path": "/home/runner/work/opencog-unified/opencog-unified/unify"
              }
            ],
            "missing": [],
            "status": "satisfied"
          },
          "cmake": {
            "component": "ure",
            "cmake_file_exists": true,
            "integrated_in_main": true,
            "status": "integrated"
          }
        },
        "language-learning": {
          "dependencies": {
            "component": "language-learning",
            "dependencies": [
              "cogutil"
            ],
            "satisfied": [
              {
                "dependency": "cogutil",
                "path": "/home/runner/work/opencog-unified/opencog-unified/cogutil"
              }
            ],
            "missing": [],
            "status": "satisfied"
          },
          "cmake": {
            "component": "language-learning",
            "cmake_file_exists": true,
            "integrated_in_main": true,
            "status": "integrated"
          }
        }
      },
      "status": "valid"
    },
    "phase_3": {
      "phase": 3,
      "components": [
        "attention",
        "spacetime"
      ],
      "validations": {
        "attention": {
          "dependencies": {
            "component": "attention",
            "dependencies": [
              "atomspace",
              "cogserver"
            ],
            "satisfied": [
              {
                "dependency": "atomspace",
                "path": "/home/runner/work/opencog-unified/opencog-unified/atomspace"
              },
              {
                "dependency": "cogserver",
                "path": "/home/runner/work/opencog-unified/opencog-unified/cogserver"
              }
            ],
            "missing": [],
            "status": "satisfied"
          },
          "cmake": {
            "component": "attention",
            "cmake_file_exists": true,
            "integrated_in_main": true,
            "status": "integrated"
          }
        },
        "spacetime": {
          "dependencies": {
            "component": "spacetime",
            "dependencies": [
              "atomspace"
            ],
            "satisfied": [
              {
                "dependency": "atomspace",
                "path": "/home/runner/work/opencog-unified/opencog-unified/atomspace"
              }
            ],
            "missing": [],
            "status": "satisfied"
          },
          "cmake": {
            "component": "spacetime",
            "cmake_file_exists": true,
            "integrated_in_main": true,
            "status": "integrated"
          }
        }
      },
      "status": "valid"
    },
    "phase_4": {
      "phase": 4,
      "components": [
        "pln",
        "miner",
        "asmoses"
      ],
      "validations": {
        "pln": {
          "dependencies": {
            "component": "pln",
            "dependencies": [
              "atomspace",
              "ure",
              "spacetime"
            ],
            "satisfied": [
              {
                "dependency": "atomspace",
                "path": "/home/runner/work/opencog-unified/opencog-unified/atomspace"
              },
              {
                "dependency": "ure",
                "path": "/home/runner/work/opencog-unified/opencog-unified/ure"
              },
              {
                "dependency": "spacetime",
                "path": "/home/runner/work/opencog-unified/opencog-unified/spacetime"
              }
            ],
            "missing": [],
            "status": "satisfied"
          },
          "cmake": {
            "component": "pln",
            "cmake_file_exists": true,
            "integrated_in_main": true,
            "status": "integrated"
          }
        },
        "miner": {
          "dependencies": {
            "component": "miner",
            "dependencies": [
              "atomspace",
              "ure"
            ],
            "satisfied": [
              {
                "dependency": "atomspace",
                "path": "/home/runner/work/opencog-unified/opencog-unified/atomspace"
              },
              {
                "dependency": "ure",
                "path": "/home/runner/work/opencog-unified/opencog-unified/ure"
              }
            ],
            "missing": [],
            "status": "satisfied"
          },
          "cmake": {
            "component": "miner",
            "cmake_file_exists": true,
            "integrated_in_main": true,
            "status": "integrated"
          }
        },
        "asmoses": {
          "dependencies": {
            "component": "asmoses",
            "dependencies": [
              "atomspace",
              "ure"
            ],
            "satisfied": [
              {
                "dependency": "atomspace",
                "path": "/home/runner/work/opencog-unified/opencog-unified/atomspace"
              },
              {
                "dependency": "ure",
                "path": "/home/runner/work/opencog-unified/opencog-unified/ure"
              }
            ],
            "missing": [],
            "status": "satisfied"
          },
          "cmake": {
            "component": "asmoses",
            "cmake_file_exists": true,
            "integrated_in_main": true,
            "status": "integrated"
          }
        }
      },
      "status": "valid"
    },
    "phase_5": {
      "phase": 5,
      "components": [
        "lg-atomese",
        "learn",
        "opencog"
      ],
      "validations": {
        "lg-atomese": {
          "dependencies": {
            "component": "lg-atomese",
            "dependencies": [
              "atomspace"
            ],
            "satisfied": [
              {
                "dependency": "atomspace",
                "path": "/home/runner/work/opencog-unified/opencog-unified/atomspace"
              }
            ],
            "missing": [],
            "status": "satisfied"
          },
          "cmake": {
            "component": "lg-atomese",
            "cmake_file_exists": true,
            "integrated_in_main": true,
            "status": "integrated"
          }
        },
        "learn": {
          "dependencies": {
            "component": "learn",
            "dependencies": [
              "atomspace",
              "cogserver"
            ],
            "satisfied": [
              {
                "dependency": "atomspace",
                "path": "/home/runner/work/opencog-unified/opencog-unified/atomspace"
              },
              {
                "dependency": "cogserver",
                "path": "/home/runner/work/opencog-unified/opencog-unified/cogserver"
              }
            ],
            "missing": [],
            "status": "satisfied"
          },
          "cmake": {
            "component": "learn",
            "cmake_file_exists": true,
            "integrated_in_main": true,
            "status": "integrated"
          }
        },
        "opencog": {
          "dependencies": {
            "component": "opencog",
            "dependencies": [
              "atomspace",
              "cogserver",
              "attention",
              "ure",
              "lg-atomese"
            ],
            "satisfied": [
              {
                "dependency": "atomspace",
                "path": "/home/runner/work/opencog-unified/opencog-unified/atomspace"
              },
              {
                "dependency": "cogserver",
                "path": "/home/runner/work/opencog-unified/opencog-unified/cogserver"
              },
              {
                "dependency": "attention",
                "path": "/home/runner/work/opencog-unified/opencog-unified/attention"
              },
              {
                "dependency": "ure",
                "path": "/home/runner/work/opencog-unified/opencog-unified/ure"
              },
              {
                "dependency": "lg-atomese",
                "path": "/home/runner/work/opencog-unified/opencog-unified/lg-atomese"
              }
            ],
            "missing": [],
            "status": "satisfied"
          },
          "cmake": {
            "component": "opencog",
            "cmake_file_exists": true,
            "integrated_in_main": true,
            "status": "integrated"
          }
        }
      },
      "status": "valid"
    },
    "build": {
      "build_attempted": true,
      "build_successful": false,
      "cmake_successful": false,
      "errors": [
        "CMake failed: CMake Warning (dev) at cogutil/CMakeLists.txt:98 (FIND_PACKAGE):\n  Policy CMP0167 is not set: The FindBoost module is removed.  Run \"cmake\n  --help-policy CMP0167\" for policy details.  Use the cmake_policy command to\n  set the policy and suppress this warning.\n\nThis warning is for project developers.  Use -Wno-dev to suppress it.\n\n\nBuilding for Ubuntu 24.04.3 LTS\n\nThe following components WILL NOT be built:\n-----------------------------------------------\n   Boost       - Components requiring Boost.\n   Doxygen     - Code documentation.\n   StackPrint  - Pretty printing of stack traces.\n   Unit tests  - Unit tests.\n   Util        - General utility library.\n\nCMake Error at cmake/OpenCogFindGuile.cmake:16 (MESSAGE):\n  Guile was not found; the scheme bindings will not be built.\n\n  To over-ride, make sure GUILE_LIBRARIES and GUILE_INCLUDE_DIRS are set.\nCall Stack (most recent call first):\n  atomspace/CMakeLists.txt:130 (include)\n\n\n"
      ],
      "status": "cmake_failed"
    },
    "integration_tests": {
      "tests_found": [
        "test_atomspace-restful.py",
        "test_ure_dependencies.py",
        "test_lg_atomese_dependency.py",
        "test_learn.py",
        "test_phase2_ecan_attention.py",
        "test_lg-atomese.py",
        "test_miner.py",
        "test_aprfe_comprehensive.py",
        "test_moses.py",
        "test_opencog.py",
        "test_atomspace-rocks.py",
        "test_attention_spreading_benchmarks.py",
        "test_unify_dependency.py"
      ],
      "tests_run": [
        "test_atomspace-restful.py",
        "test_ure_dependencies.py",
        "test_lg_atomese_dependency.py",
        "test_learn.py",
        "test_phase2_ecan_attention.py",
        "test_lg-atomese.py",
        "test_miner.py",
        "test_aprfe_comprehensive.py",
        "test_moses.py",
        "test_opencog.py",
        "test_atomspace-rocks.py",
        "test_attention_spreading_benchmarks.py",
        "test_unify_dependency.py"
      ],
      "tests_passed": [
        "test_ure_dependencies.py",
        "test_lg_atomese_dependency.py",
        "test_phase2_ecan_attention.py",
        "test_miner.py",
        "test_attention_spreading_benchmarks.py",
        "test_unify_dependency.py"
      ],
      "tests_failed": [
        {
          "test": "test_atomspace-restful.py",
          "error": "  File \"/home/runner/work/opencog-unified/opencog-unified/tests/integration/test_atomspace-restful.py\", line 14\n    class TestAtomspace-restfulIntegration(unittest.TestCase):\n                       ^\nSyntaxError: invalid syntax\n"
        },
        {
          "test": "test_learn.py",
          "error": "EEE\n======================================================================\nERROR: test_learn_basic_functionality (__main__.TestLearnIntegration.test_learn_basic_functionality)\nTest basic learn functionality\n----------------------------------------------------------------------\nTraceback (most recent call last):\n  File \"/home/runner/work/opencog-unified/opencog-unified/tests/integration/test_learn.py\", line 37, in test_learn_basic_functionality\n    module = importlib.import_module(\"learn\")\n             ^^^^^^^^^^^^^^^^^^^^^^^^^^^^^^^^\n  File \"/usr/lib/python3.12/importlib/__init__.py\", line 90, in import_module\n    return _bootstrap._gcd_import(name[level:], package, level)\n           ^^^^^^^^^^^^^^^^^^^^^^^^^^^^^^^^^^^^^^^^^^^^^^^^^^^^\n  File \"<frozen importlib._bootstrap>\", line 1387, in _gcd_import\n  File \"<frozen importlib._bootstrap>\", line 1360, in _find_and_load\n  File \"<frozen importlib._bootstrap>\", line 1324, in _find_and_load_unlocked\nModuleNotFoundError: No module named 'learn'\n\nDuring handling of the above exception, another exception occurred:\n\nTraceback (most recent call last):\n  File \"/home/runner/work/opencog-unified/opencog-unified/tests/integration/test_learn.py\", line 47, in test_learn_basic_functionality\n    self.fail(f\"Basic functionality test failed for {component}: {e}\")\n                                                     ^^^^^^^^^\nNameError: name 'component' is not defined\n\n======================================================================\nERROR: test_learn_dependencies (__main__.TestLearnIntegration.test_learn_dependencies)\nTest learn dependency integration\n----------------------------------------------------------------------\nTraceback (most recent call last):\n  File \"/home/runner/work/opencog-unified/opencog-unified/tests/integration/test_learn.py\", line 54, in test_learn_dependencies\n    module = importlib.import_module(\"learn\")\n             ^^^^^^^^^^^^^^^^^^^^^^^^^^^^^^^^\n  File \"/usr/lib/python3.12/importlib/__init__.py\", line 90, in import_module\n    return _bootstrap._gcd_import(name[level:], package, level)\n           ^^^^^^^^^^^^^^^^^^^^^^^^^^^^^^^^^^^^^^^^^^^^^^^^^^^^\n  File \"<frozen importlib._bootstrap>\", line 1387, in _gcd_import\n  File \"<frozen importlib._bootstrap>\", line 1360, in _find_and_load\n  File \"<frozen importlib._bootstrap>\", line 1324, in _find_and_load_unlocked\nModuleNotFoundError: No module named 'learn'\n\nDuring handling of the above exception, another exception occurred:\n\nTraceback (most recent call last):\n  File \"/home/runner/work/opencog-unified/opencog-unified/tests/integration/test_learn.py\", line 70, in test_learn_dependencies\n    self.fail(f\"Dependency integration test failed for {component}: {e}\")\n                                                        ^^^^^^^^^\nNameError: name 'component' is not defined\n\n======================================================================\nERROR: test_learn_import (__main__.TestLearnIntegration.test_learn_import)\nTest that learn can be imported\n----------------------------------------------------------------------\nTraceback (most recent call last):\n  File \"/home/runner/work/opencog-unified/opencog-unified/tests/integration/test_learn.py\", line 26, in test_learn_import\n    module = importlib.import_module(\"learn\")\n             ^^^^^^^^^^^^^^^^^^^^^^^^^^^^^^^^\n  File \"/usr/lib/python3.12/importlib/__init__.py\", line 90, in import_module\n    return _bootstrap._gcd_import(name[level:], package, level)\n           ^^^^^^^^^^^^^^^^^^^^^^^^^^^^^^^^^^^^^^^^^^^^^^^^^^^^\n  File \"<frozen importlib._bootstrap>\", line 1387, in _gcd_import\n  File \"<frozen importlib._bootstrap>\", line 1360, in _find_and_load\n  File \"<frozen importlib._bootstrap>\", line 1324, in _find_and_load_unlocked\nModuleNotFoundError: No module named 'learn'\n\nDuring handling of the above exception, another exception occurred:\n\nTraceback (most recent call last):\n  File \"/home/runner/work/opencog-unified/opencog-unified/tests/integration/test_learn.py\", line 29, in test_learn_import\n    self.fail(f\"Failed to import {component}: {e}\")\n                                  ^^^^^^^^^\nNameError: name 'component' is not defined\n\n----------------------------------------------------------------------\nRan 3 tests in 0.006s\n\nFAILED (errors=3)\n"
        },
        {
          "test": "test_lg-atomese.py",
          "error": "  File \"/home/runner/work/opencog-unified/opencog-unified/tests/integration/test_lg-atomese.py\", line 14\n    class TestLg-atomeseIntegration(unittest.TestCase):\n                ^\nSyntaxError: invalid syntax\n"
        },
        {
          "test": "test_aprfe_comprehensive.py",
          "error": ""
        },
        {
          "test": "test_moses.py",
          "error": "sE.\n======================================================================\nERROR: test_moses_dependencies (__main__.TestMosesIntegration.test_moses_dependencies)\nTest moses dependency integration\n----------------------------------------------------------------------\nTraceback (most recent call last):\n  File \"/home/runner/work/opencog-unified/opencog-unified/tests/integration/test_moses.py\", line 57, in test_moses_dependencies\n    result = subprocess.run(['pkg-config', '--exists', dep],\n            ^^^^^^^^^^\nNameError: name 'subprocess' is not defined. Did you forget to import 'subprocess'\n\n----------------------------------------------------------------------\nRan 3 tests in 0.004s\n\nFAILED (errors=1, skipped=1)\n"
        },
        {
          "test": "test_opencog.py",
          "error": "EEE\n======================================================================\nERROR: test_opencog_basic_functionality (__main__.TestOpencogIntegration.test_opencog_basic_functionality)\nTest basic opencog functionality\n----------------------------------------------------------------------\nTraceback (most recent call last):\n  File \"/home/runner/work/opencog-unified/opencog-unified/tests/integration/test_opencog.py\", line 37, in test_opencog_basic_functionality\n    module = importlib.import_module(\"opencog\")\n             ^^^^^^^^^^^^^^^^^^^^^^^^^^^^^^^^^^\n  File \"/usr/lib/python3.12/importlib/__init__.py\", line 90, in import_module\n    return _bootstrap._gcd_import(name[level:], package, level)\n           ^^^^^^^^^^^^^^^^^^^^^^^^^^^^^^^^^^^^^^^^^^^^^^^^^^^^\n  File \"<frozen importlib._bootstrap>\", line 1387, in _gcd_import\n  File \"<frozen importlib._bootstrap>\", line 1360, in _find_and_load\n  File \"<frozen importlib._bootstrap>\", line 1324, in _find_and_load_unlocked\nModuleNotFoundError: No module named 'opencog'\n\nDuring handling of the above exception, another exception occurred:\n\nTraceback (most recent call last):\n  File \"/home/runner/work/opencog-unified/opencog-unified/tests/integration/test_opencog.py\", line 47, in test_opencog_basic_functionality\n    self.fail(f\"Basic functionality test failed for {component}: {e}\")\n                                                     ^^^^^^^^^\nNameError: name 'component' is not defined\n\n======================================================================\nERROR: test_opencog_dependencies (__main__.TestOpencogIntegration.test_opencog_dependencies)\nTest opencog dependency integration\n----------------------------------------------------------------------\nTraceback (most recent call last):\n  File \"/home/runner/work/opencog-unified/opencog-unified/tests/integration/test_opencog.py\", line 54, in test_opencog_dependencies\n    module = importlib.import_module(\"opencog\")\n             ^^^^^^^^^^^^^^^^^^^^^^^^^^^^^^^^^^\n  File \"/usr/lib/python3.12/importlib/__init__.py\", line 90, in import_module\n    return _bootstrap._gcd_import(name[level:], package, level)\n           ^^^^^^^^^^^^^^^^^^^^^^^^^^^^^^^^^^^^^^^^^^^^^^^^^^^^\n  File \"<frozen importlib._bootstrap>\", line 1387, in _gcd_import\n  File \"<frozen importlib._bootstrap>\", line 1360, in _find_and_load\n  File \"<frozen importlib._bootstrap>\", line 1324, in _find_and_load_unlocked\nModuleNotFoundError: No module named 'opencog'\n\nDuring handling of the above exception, another exception occurred:\n\nTraceback (most recent call last):\n  File \"/home/runner/work/opencog-unified/opencog-unified/tests/integration/test_opencog.py\", line 70, in test_opencog_dependencies\n    self.fail(f\"Dependency integration test failed for {component}: {e}\")\n                                                        ^^^^^^^^^\nNameError: name 'component' is not defined\n\n======================================================================\nERROR: test_opencog_import (__main__.TestOpencogIntegration.test_opencog_import)\nTest that opencog can be imported\n----------------------------------------------------------------------\nTraceback (most recent call last):\n  File \"/home/runner/work/opencog-unified/opencog-unified/tests/integration/test_opencog.py\", line 26, in test_opencog_import\n    module = importlib.import_module(\"opencog\")\n             ^^^^^^^^^^^^^^^^^^^^^^^^^^^^^^^^^^\n  File \"/usr/lib/python3.12/importlib/__init__.py\", line 90, in import_module\n    return _bootstrap._gcd_import(name[level:], package, level)\n           ^^^^^^^^^^^^^^^^^^^^^^^^^^^^^^^^^^^^^^^^^^^^^^^^^^^^\n  File \"<frozen importlib._bootstrap>\", line 1387, in _gcd_import\n  File \"<frozen importlib._bootstrap>\", line 1360, in _find_and_load\n  File \"<frozen importlib._bootstrap>\", line 1324, in _find_and_load_unlocked\nModuleNotFoundError: No module named 'opencog'\n\nDuring handling of the above exception, another exception occurred:\n\nTraceback (most recent call last):\n  File \"/home/runner/work/opencog-unified/opencog-unified/tests/integration/test_opencog.py\", line 29, in test_opencog_import\n    self.fail(f\"Failed to import {component}: {e}\")\n                                  ^^^^^^^^^\nNameError: name 'component' is not defined\n\n----------------------------------------------------------------------\nRan 3 tests in 0.006s\n\nFAILED (errors=3)\n"
        },
        {
          "test": "test_atomspace-rocks.py",
          "error": "  File \"/home/runner/work/opencog-unified/opencog-unified/tests/integration/test_atomspace-rocks.py\", line 14\n    class TestAtomspace-rocksIntegration(unittest.TestCase):\n                       ^\nSyntaxError: invalid syntax\n"
        }
      ],
      "status": "some_tests_failed"
    }
  },
  "summary": {
    "total_phases": 5,
    "phases_valid": 4,
    "build_status": "cmake_failed",
    "test_status": "some_tests_failed",
    "overall_status": "partial"
  },
  "errors": [
    "Missing directories: ['components/logic', 'components/cognitive', 'components/advanced', 'tests/performance', 'tests/end_to_end']"
  ]
}